<?xml version="1.0" encoding="UTF-8"?>
<!-- Generated by org.testng.reporters.JUnitReportReporter -->
<testsuite hostname="DESKTOP-JL5K8AS" failures="0" tests="1" name="scripts.Skillrary_TestCase2" time="31.355" errors="0" timestamp="2022-09-10T18:42:55 IST" skipped="0">
  <testcase classname="scripts.Skillrary_TestCase2" name="tc2" time="31.355"/>
  <system-out/>
</testsuite> <!-- scripts.Skillrary_TestCase2 -->
